<?xml version="1.0" encoding="UTF-8"?>
<!-- Generated by org.testng.reporters.JUnitXMLReporter -->
<testsuite ignored="2" hostname="Sani" failures="0" tests="2" name="Test" time="0.102" errors="0" timestamp="2026-01-17T17:03:40 GMT">
  <testcase classname="testng.TestNG1" name="test1" time="0.021"/>
  <testcase classname="testng.TestNG1" name="test2" time="0.002"/>
  <testcase classname="testng.TestNG1" name="test3" time="0.0">
    <ignored/>
  </testcase> <!-- test3 -->
  <testcase classname="testng.TestNG1" name="test4" time="0.0">
    <ignored/>
  </testcase> <!-- test4 -->
</testsuite> <!-- Test -->
