<?xml version="1.0" encoding="UTF-8"?>
<!-- Generated by org.testng.reporters.JUnitReportReporter -->
<testsuite hostname="Sani" failures="0" tests="4" name="testng.Dataprovider1" time="0.023" errors="0" timestamp="2026-01-18T14:56:15 GMT" skipped="1">
  <testcase classname="testng.Dataprovider1" name="printExcleData" time="0.007"/>
  <testcase classname="testng.Dataprovider1" name="printExcleData" time="0.003"/>
  <testcase classname="testng.Dataprovider1" name="printExcleData" time="0.013"/>
  <testcase classname="testng.Dataprovider1" name="addTwoNumber">
    <skipped/>
  </testcase> <!-- addTwoNumber -->
</testsuite> <!-- testng.Dataprovider1 -->
